2016-07-13 07:25:42 [-][-][-][error][yii\console\Exception] exception 'yii\base\InvalidRouteException' with message 'Unable to resolve the request "serve".' in /home/nurlan/projects/araba.kg/vendor/yiisoft/yii2/base/Module.php:461
Stack trace:
#0 /home/nurlan/projects/araba.kg/vendor/yiisoft/yii2/console/Application.php(167): yii\base\Module->runAction('serve', Array)
#1 /home/nurlan/projects/araba.kg/vendor/yiisoft/yii2/console/Application.php(143): yii\console\Application->runAction('serve', Array)
#2 /home/nurlan/projects/araba.kg/vendor/yiisoft/yii2/base/Application.php(375): yii\console\Application->handleRequest(Object(yii\console\Request))
#3 /home/nurlan/projects/araba.kg/yii(20): yii\base\Application->run()
#4 {main}

Next exception 'yii\console\Exception' with message 'Unknown command "serve".' in /home/nurlan/projects/araba.kg/vendor/yiisoft/yii2/console/Application.php:169
Stack trace:
#0 /home/nurlan/projects/araba.kg/vendor/yiisoft/yii2/console/Application.php(143): yii\console\Application->runAction('serve', Array)
#1 /home/nurlan/projects/araba.kg/vendor/yiisoft/yii2/base/Application.php(375): yii\console\Application->handleRequest(Object(yii\console\Request))
#2 /home/nurlan/projects/araba.kg/yii(20): yii\base\Application->run()
#3 {main}
2016-07-13 07:25:42 [-][-][-][info][application] $_SERVER = [
    'XDG_VTNR' => '7'
    'LC_PAPER' => 'en_GB.UTF-8'
    'LC_ADDRESS' => 'en_GB.UTF-8'
    'XDG_SESSION_ID' => 'c2'
    'XDG_GREETER_DATA_DIR' => '/var/lib/lightdm-data/nurlan'
    'SELINUX_INIT' => 'YES'
    'rvm_bin_path' => '/home/nurlan/.rvm/bin'
    'LC_MONETARY' => 'en_GB.UTF-8'
    'CLUTTER_IM_MODULE' => 'xim'
    'SESSION' => 'ubuntu'
    'GEM_HOME' => '/home/nurlan/.rvm/gems/ruby-2.3.0'
    'GPG_AGENT_INFO' => '/run/user/1000/keyring-sQrjxq/gpg:0:1'
    'TERM' => 'xterm'
    'VTE_VERSION' => '3409'
    'XDG_MENU_PREFIX' => 'gnome-'
    'SHELL' => '/bin/bash'
    'DERBY_HOME' => '/usr/lib/jvm/java-8-oracle/db'
    'IRBRC' => '/home/nurlan/.rvm/rubies/ruby-2.3.0/.irbrc'
    'WINDOWID' => '39845899'
    'LC_NUMERIC' => 'en_GB.UTF-8'
    'OLDPWD' => '/home/nurlan'
    'UPSTART_SESSION' => 'unix:abstract=/com/ubuntu/upstart-session/1000/2073'
    'GNOME_KEYRING_CONTROL' => '/run/user/1000/keyring-sQrjxq'
    'MY_RUBY_HOME' => '/home/nurlan/.rvm/rubies/ruby-2.3.0'
    'GTK_MODULES' => 'overlay-scrollbar:unity-gtk-module'
    'USER' => 'nurlan'
    'LS_COLORS' => 'rs=0:di=01;34:ln=01;36:mh=00:pi=40;33:so=01;35:do=01;35:bd=40;33;01:cd=40;33;01:or=40;31;01:su=37;41:sg=30;43:ca=30;41:tw=30;42:ow=34;42:st=37;44:ex=01;32:*.tar=01;31:*.tgz=01;31:*.arj=01;31:*.taz=01;31:*.lzh=01;31:*.lzma=01;31:*.tlz=01;31:*.txz=01;31:*.zip=01;31:*.z=01;31:*.Z=01;31:*.dz=01;31:*.gz=01;31:*.lz=01;31:*.xz=01;31:*.bz2=01;31:*.bz=01;31:*.tbz=01;31:*.tbz2=01;31:*.tz=01;31:*.deb=01;31:*.rpm=01;31:*.jar=01;31:*.war=01;31:*.ear=01;31:*.sar=01;31:*.rar=01;31:*.ace=01;31:*.zoo=01;31:*.cpio=01;31:*.7z=01;31:*.rz=01;31:*.jpg=01;35:*.jpeg=01;35:*.gif=01;35:*.bmp=01;35:*.pbm=01;35:*.pgm=01;35:*.ppm=01;35:*.tga=01;35:*.xbm=01;35:*.xpm=01;35:*.tif=01;35:*.tiff=01;35:*.png=01;35:*.svg=01;35:*.svgz=01;35:*.mng=01;35:*.pcx=01;35:*.mov=01;35:*.mpg=01;35:*.mpeg=01;35:*.m2v=01;35:*.mkv=01;35:*.webm=01;35:*.ogm=01;35:*.mp4=01;35:*.m4v=01;35:*.mp4v=01;35:*.vob=01;35:*.qt=01;35:*.nuv=01;35:*.wmv=01;35:*.asf=01;35:*.rm=01;35:*.rmvb=01;35:*.flc=01;35:*.avi=01;35:*.fli=01;35:*.flv=01;35:*.gl=01;35:*.dl=01;35:*.xcf=01;35:*.xwd=01;35:*.yuv=01;35:*.cgm=01;35:*.emf=01;35:*.axv=01;35:*.anx=01;35:*.ogv=01;35:*.ogx=01;35:*.aac=00;36:*.au=00;36:*.flac=00;36:*.mid=00;36:*.midi=00;36:*.mka=00;36:*.mp3=00;36:*.mpc=00;36:*.ogg=00;36:*.ra=00;36:*.wav=00;36:*.axa=00;36:*.oga=00;36:*.spx=00;36:*.xspf=00;36:'
    'LC_TELEPHONE' => 'en_GB.UTF-8'
    '_system_type' => 'Linux'
    'XDG_SESSION_PATH' => '/org/freedesktop/DisplayManager/Session0'
    'XDG_SEAT_PATH' => '/org/freedesktop/DisplayManager/Seat0'
    'rvm_path' => '/home/nurlan/.rvm'
    'SSH_AUTH_SOCK' => '/run/user/1000/keyring-sQrjxq/ssh'
    'DEFAULTS_PATH' => '/usr/share/gconf/ubuntu.default.path'
    'SESSION_MANAGER' => 'local/nurlan-laptop:@/tmp/.ICE-unix/2285,unix/nurlan-laptop:/tmp/.ICE-unix/2285'
    'XDG_CONFIG_DIRS' => '/etc/xdg/xdg-ubuntu:/usr/share/upstart/xdg:/etc/xdg'
    'rvm_prefix' => '/home/nurlan'
    'DESKTOP_SESSION' => 'ubuntu'
    'PATH' => '/home/nurlan/.rvm/bin:/usr/local/bin:/usr/local/heroku/bin:/usr/local/heroku/bin:/home/nurlan/.rvm/gems/ruby-2.3.0/bin:/home/nurlan/.rvm/gems/ruby-2.3.0@global/bin:/home/nurlan/.rvm/rubies/ruby-2.3.0/bin:/usr/local/sbin:/usr/local/bin:/usr/sbin:/usr/bin:/sbin:/bin:/usr/games:/usr/local/games:/usr/lib/jvm/java-8-oracle/bin:/usr/lib/jvm/java-8-oracle/db/bin:/usr/lib/jvm/java-8-oracle/jre/bin:/home/nurlan/.rvm/bin:/home/nurlan/.rvm/bin:/usr/lib/jvm/java-8-oracle/bin:/usr/lib/jvm/java-8-oracle/db/bin:/usr/lib/jvm/java-8-oracle/jre/bin:/home/nurlan/.rvm/bin:/home/nurlan/.rvm/bin:/home/nurlan/.rvm/bin:/home/nurlan/.rvm/bin'
    'QT_IM_MODULE' => 'ibus'
    'QT_QPA_PLATFORMTHEME' => 'appmenu-qt5'
    'LC_IDENTIFICATION' => 'en_GB.UTF-8'
    'PWD' => '/home/nurlan/projects/araba.kg'
    'JOB' => 'dbus'
    'XMODIFIERS' => '@im=ibus'
    'JAVA_HOME' => '/usr/lib/jvm/java-8-oracle'
    'GNOME_KEYRING_PID' => '2071'
    'LANG' => 'en_US.UTF-8'
    'GDM_LANG' => 'en_US'
    'MANDATORY_PATH' => '/usr/share/gconf/ubuntu.mandatory.path'
    'LC_MEASUREMENT' => 'en_GB.UTF-8'
    '_system_arch' => 'x86_64'
    'COMPIZ_CONFIG_PROFILE' => 'ubuntu'
    'IM_CONFIG_PHASE' => '1'
    '_system_version' => '14.04'
    'PAPERSIZE' => 'a4'
    'GDMSESSION' => 'ubuntu'
    'SESSIONTYPE' => 'gnome-session'
    'rvm_version' => '1.27.0 (latest)'
    'SHLVL' => '1'
    'HOME' => '/home/nurlan'
    'XDG_SEAT' => 'seat0'
    'LANGUAGE' => 'en_US:en'
    'GNOME_DESKTOP_SESSION_ID' => 'this-is-deprecated'
    'LOGNAME' => 'nurlan'
    'COMPIZ_BIN_PATH' => '/usr/bin/'
    'DBUS_SESSION_BUS_ADDRESS' => 'unix:abstract=/tmp/dbus-dUZbUtfeTY'
    'J2SDKDIR' => '/usr/lib/jvm/java-8-oracle'
    'XDG_DATA_DIRS' => '/usr/share/ubuntu:/usr/share/gnome:/usr/local/share/:/usr/share/'
    'QT4_IM_MODULE' => 'xim'
    'GEM_PATH' => '/home/nurlan/.rvm/gems/ruby-2.3.0:/home/nurlan/.rvm/gems/ruby-2.3.0@global'
    'LESSOPEN' => '| /usr/bin/lesspipe %s'
    'PKG_CONFIG_PATH' => ':/usr/local/lib/pkgconfig'
    'INSTANCE' => ''
    'TEXTDOMAIN' => 'im-config'
    'XDG_RUNTIME_DIR' => '/run/user/1000'
    'DISPLAY' => ':0'
    'XDG_CURRENT_DESKTOP' => 'Unity'
    'GTK_IM_MODULE' => 'ibus'
    'J2REDIR' => '/usr/lib/jvm/java-8-oracle/jre'
    'LESSCLOSE' => '/usr/bin/lesspipe %s %s'
    'LC_TIME' => 'en_GB.UTF-8'
    'RUBY_VERSION' => 'ruby-2.3.0'
    '_system_name' => 'Ubuntu'
    'TEXTDOMAINDIR' => '/usr/share/locale/'
    'LC_NAME' => 'en_GB.UTF-8'
    'XAUTHORITY' => '/home/nurlan/.Xauthority'
    'COLORTERM' => 'gnome-terminal'
    '_' => '/usr/bin/php'
    'PHP_SELF' => 'yii'
    'SCRIPT_NAME' => 'yii'
    'SCRIPT_FILENAME' => 'yii'
    'PATH_TRANSLATED' => 'yii'
    'DOCUMENT_ROOT' => ''
    'REQUEST_TIME_FLOAT' => 1468394742.2366
    'REQUEST_TIME' => 1468394742
    'argv' => [
        0 => 'yii'
        1 => 'serve'
    ]
    'argc' => 2
]
